============================= test session starts ==============================
platform linux -- Python 3.14.6, pytest-9.1.1, pluggy-1.6.0 -- /home/max/Projects/omniverse-v2/backend/.venv/bin/python
cachedir: .pytest_cache
rootdir: /home/max/Projects/omniverse-v2/backend
configfile: pyproject.toml
plugins: Faker-40.28.1, anyio-4.14.1, asyncio-1.4.0, langsmith-0.10.2, xdist-3.8.0, cov-7.1.0
asyncio: mode=Mode.AUTO, debug=False, asyncio_default_fixture_loop_scope=None, asyncio_default_test_loop_scope=function
collecting ... collected 2 items

backend/tests/backend/test_promotion_integrity.py::test_deterministic_promotion_flow PASSED [ 50%]
backend/tests/backend/test_promotion_integrity.py::test_symmetric_entity_resolution PASSED [100%]
[logs] 2 files written to /home/max/Projects/omniverse-v2/backend/tests/logs/run_20260712_002421/


=============================== warnings summary ===============================
backend/app/api/routers/runs.py:40
  /home/max/Projects/omniverse-v2/backend/app/api/routers/runs.py:40: PydanticDeprecatedSince20: Support for class-based `config` is deprecated, use ConfigDict instead. Deprecated in Pydantic V2.0 to be removed in V3.0. See Pydantic V2 Migration Guide at https://errors.pydantic.dev/2.12/migration/
    class AbortRunPayload(BaseModel):

tests/backend/test_promotion_integrity.py: 14 warnings
  /home/max/Projects/omniverse-v2/backend/.venv/lib/python3.14/site-packages/pydantic/fields.py:747: DeprecationWarning: datetime.datetime.utcnow() is deprecated and scheduled for removal in a future version. Use timezone-aware objects to represent datetimes in UTC: datetime.datetime.now(datetime.UTC).
    return fac()

-- Docs: https://docs.pytest.org/en/stable/how-to/capture-warnings.html
======================== 2 passed, 15 warnings in 0.15s ========================
